<?xml version="1.0" encoding="UTF-8"?>
<!-- Generated by org.testng.reporters.JUnitReportReporter -->
<testsuite hostname="Legion-5i" failures="0" tests="1" name="testNGpkg.TestNGClass" time="0.007" errors="0" timestamp="2021-08-31T17:19:58 IST" skipped="0">
  <testcase classname="testNGpkg.TestNGClass" name="f" time="0.007"/>
  <system-out/>
</testsuite> <!-- testNGpkg.TestNGClass -->
